<?xml version="1.0" encoding="UTF-8"?>
<testsuite xmlns:xsi="http://www.w3.org/2001/XMLSchema-instance" xsi:noNamespaceSchemaLocation="https://maven.apache.org/surefire/maven-surefire-plugin/xsd/surefire-test-report.xsd" name="my.projects.components.TreePanelTest" time="0.992" tests="6" errors="0" skipped="0" failures="0">
  <properties>
[...]
</properties>
  <testcase name="test_RemoveSingleNode" classname="my.projects.components.TreePanelTest" time="0.399"/>
  <testcase name="test_InitializeTree" classname="my.projects.components.TreePanelTest" time="0.005"/>
  <testcase name="test_UpdateParentNodeValues" classname="my.projects.components.TreePanelTest" time="0.008"/>
  <testcase name="test_RemoveMultipleNodesCascade" classname="my.projects.components.TreePanelTest" time="0.006"/>
  <testcase name="test_InsertNode" classname="my.projects.components.TreePanelTest" time="0.01"/>
  <testcase name="test_UpdateLeaveChildNodeValues" classname="my.projects.components.TreePanelTest" time="0.006"/>
</testsuite>